time="2021-05-11T14:24:17+02:00" level=debug msg="OpenShift Installer 4.5.39"
time="2021-05-11T14:24:17+02:00" level=debug msg="Built from commit e30ca92797532d9f0e0c56aac20aad27e594ab43"
time="2021-05-11T14:24:17+02:00" level=debug msg="Fetching Kubeconfig Admin Client..."
time="2021-05-11T14:24:17+02:00" level=debug msg="Loading Kubeconfig Admin Client..."
time="2021-05-11T14:24:17+02:00" level=debug msg="  Loading Certificate (admin-kubeconfig-client)..."
time="2021-05-11T14:24:17+02:00" level=debug msg="    Loading Certificate (admin-kubeconfig-signer)..."
time="2021-05-11T14:24:17+02:00" level=debug msg="  Loading Certificate (kube-apiserver-complete-server-ca-bundle)..."
time="2021-05-11T14:24:17+02:00" level=debug msg="    Loading Certificate (kube-apiserver-localhost-ca-bundle)..."
time="2021-05-11T14:24:17+02:00" level=debug msg="      Loading Certificate (kube-apiserver-localhost-signer)..."
time="2021-05-11T14:24:17+02:00" level=debug msg="    Loading Certificate (kube-apiserver-service-network-ca-bundle)..."
time="2021-05-11T14:24:17+02:00" level=debug msg="      Loading Certificate (kube-apiserver-service-network-signer)..."
time="2021-05-11T14:24:17+02:00" level=debug msg="    Loading Certificate (kube-apiserver-lb-ca-bundle)..."
time="2021-05-11T14:24:17+02:00" level=debug msg="      Loading Certificate (kube-apiserver-lb-signer)..."
time="2021-05-11T14:24:17+02:00" level=debug msg="  Loading Install Config..."
time="2021-05-11T14:24:17+02:00" level=debug msg="    Loading SSH Key..."
time="2021-05-11T14:24:17+02:00" level=debug msg="    Loading Base Domain..."
time="2021-05-11T14:24:17+02:00" level=debug msg="      Loading Platform..."
time="2021-05-11T14:24:17+02:00" level=debug msg="    Loading Cluster Name..."
time="2021-05-11T14:24:17+02:00" level=debug msg="      Loading Base Domain..."
time="2021-05-11T14:24:17+02:00" level=debug msg="      Loading Platform..."
time="2021-05-11T14:24:17+02:00" level=debug msg="    Loading Pull Secret..."
time="2021-05-11T14:24:17+02:00" level=debug msg="    Loading Platform..."
time="2021-05-11T14:24:17+02:00" level=debug msg="  Using Install Config loaded from target directory"
time="2021-05-11T14:24:17+02:00" level=debug msg="  Fetching Certificate (admin-kubeconfig-client)..."
time="2021-05-11T14:24:17+02:00" level=debug msg="    Fetching Certificate (admin-kubeconfig-signer)..."
time="2021-05-11T14:24:17+02:00" level=debug msg="    Generating Certificate (admin-kubeconfig-signer)..."
time="2021-05-11T14:24:17+02:00" level=debug msg="  Generating Certificate (admin-kubeconfig-client)..."
time="2021-05-11T14:24:17+02:00" level=debug msg="  Fetching Certificate (kube-apiserver-complete-server-ca-bundle)..."
time="2021-05-11T14:24:17+02:00" level=debug msg="    Fetching Certificate (kube-apiserver-localhost-ca-bundle)..."
time="2021-05-11T14:24:17+02:00" level=debug msg="      Fetching Certificate (kube-apiserver-localhost-signer)..."
time="2021-05-11T14:24:17+02:00" level=debug msg="      Generating Certificate (kube-apiserver-localhost-signer)..."
time="2021-05-11T14:24:17+02:00" level=debug msg="    Generating Certificate (kube-apiserver-localhost-ca-bundle)..."
time="2021-05-11T14:24:17+02:00" level=debug msg="    Fetching Certificate (kube-apiserver-service-network-ca-bundle)..."
time="2021-05-11T14:24:17+02:00" level=debug msg="      Fetching Certificate (kube-apiserver-service-network-signer)..."
time="2021-05-11T14:24:17+02:00" level=debug msg="      Generating Certificate (kube-apiserver-service-network-signer)..."
time="2021-05-11T14:24:18+02:00" level=debug msg="    Generating Certificate (kube-apiserver-service-network-ca-bundle)..."
time="2021-05-11T14:24:18+02:00" level=debug msg="    Fetching Certificate (kube-apiserver-lb-ca-bundle)..."
time="2021-05-11T14:24:18+02:00" level=debug msg="      Fetching Certificate (kube-apiserver-lb-signer)..."
time="2021-05-11T14:24:18+02:00" level=debug msg="      Generating Certificate (kube-apiserver-lb-signer)..."
time="2021-05-11T14:24:18+02:00" level=debug msg="    Generating Certificate (kube-apiserver-lb-ca-bundle)..."
time="2021-05-11T14:24:18+02:00" level=debug msg="  Generating Certificate (kube-apiserver-complete-server-ca-bundle)..."
time="2021-05-11T14:24:18+02:00" level=debug msg="  Fetching Install Config..."
time="2021-05-11T14:24:18+02:00" level=debug msg="  Reusing previously-fetched Install Config"
time="2021-05-11T14:24:18+02:00" level=debug msg="Generating Kubeconfig Admin Client..."
time="2021-05-11T14:24:18+02:00" level=info msg="Consuming Install Config from target directory"
time="2021-05-11T14:24:18+02:00" level=debug msg="Purging asset \"Install Config\" from disk"
time="2021-05-11T14:24:18+02:00" level=debug msg="Fetching Kubeadmin Password..."
time="2021-05-11T14:24:18+02:00" level=debug msg="Loading Kubeadmin Password..."
time="2021-05-11T14:24:18+02:00" level=debug msg="Generating Kubeadmin Password..."
time="2021-05-11T14:24:18+02:00" level=debug msg="Fetching Master Ignition Config..."
time="2021-05-11T14:24:18+02:00" level=debug msg="Loading Master Ignition Config..."
time="2021-05-11T14:24:18+02:00" level=debug msg="  Loading Install Config..."
time="2021-05-11T14:24:18+02:00" level=debug msg="  Loading Root CA..."
time="2021-05-11T14:24:18+02:00" level=debug msg="  Fetching Install Config..."
time="2021-05-11T14:24:18+02:00" level=debug msg="  Reusing previously-fetched Install Config"
time="2021-05-11T14:24:18+02:00" level=debug msg="  Fetching Root CA..."
time="2021-05-11T14:24:18+02:00" level=debug msg="  Generating Root CA..."
time="2021-05-11T14:24:18+02:00" level=debug msg="Generating Master Ignition Config..."
time="2021-05-11T14:24:18+02:00" level=debug msg="Fetching Worker Ignition Config..."
time="2021-05-11T14:24:18+02:00" level=debug msg="Loading Worker Ignition Config..."
time="2021-05-11T14:24:18+02:00" level=debug msg="  Loading Install Config..."
time="2021-05-11T14:24:18+02:00" level=debug msg="  Loading Root CA..."
time="2021-05-11T14:24:18+02:00" level=debug msg="  Fetching Install Config..."
time="2021-05-11T14:24:18+02:00" level=debug msg="  Reusing previously-fetched Install Config"
time="2021-05-11T14:24:18+02:00" level=debug msg="  Fetching Root CA..."
time="2021-05-11T14:24:18+02:00" level=debug msg="  Reusing previously-fetched Root CA"
time="2021-05-11T14:24:18+02:00" level=debug msg="Generating Worker Ignition Config..."
time="2021-05-11T14:24:18+02:00" level=debug msg="Fetching Bootstrap Ignition Config..."
time="2021-05-11T14:24:18+02:00" level=debug msg="Loading Bootstrap Ignition Config..."
time="2021-05-11T14:24:18+02:00" level=debug msg="  Loading Install Config..."
time="2021-05-11T14:24:18+02:00" level=debug msg="  Loading Kubeconfig Admin Internal Client..."
time="2021-05-11T14:24:18+02:00" level=debug msg="    Loading Certificate (admin-kubeconfig-client)..."
time="2021-05-11T14:24:18+02:00" level=debug msg="    Loading Certificate (kube-apiserver-complete-server-ca-bundle)..."
time="2021-05-11T14:24:18+02:00" level=debug msg="    Loading Install Config..."
time="2021-05-11T14:24:18+02:00" level=debug msg="  Loading Kubeconfig Kubelet..."
time="2021-05-11T14:24:18+02:00" level=debug msg="    Loading Certificate (kube-apiserver-complete-server-ca-bundle)..."
time="2021-05-11T14:24:18+02:00" level=debug msg="    Loading Certificate (kubelet-client)..."
time="2021-05-11T14:24:18+02:00" level=debug msg="      Loading Certificate (kubelet-bootstrap-kubeconfig-signer)..."
time="2021-05-11T14:24:18+02:00" level=debug msg="    Loading Install Config..."
time="2021-05-11T14:24:18+02:00" level=debug msg="  Loading Kubeconfig Admin Client (Loopback)..."
time="2021-05-11T14:24:18+02:00" level=debug msg="    Loading Certificate (admin-kubeconfig-client)..."
time="2021-05-11T14:24:18+02:00" level=debug msg="    Loading Certificate (kube-apiserver-localhost-ca-bundle)..."
time="2021-05-11T14:24:18+02:00" level=debug msg="    Loading Install Config..."
time="2021-05-11T14:24:18+02:00" level=debug msg="  Loading Master Machines..."
time="2021-05-11T14:24:18+02:00" level=debug msg="    Loading Cluster ID..."
time="2021-05-11T14:24:18+02:00" level=debug msg="      Loading Install Config..."
time="2021-05-11T14:24:18+02:00" level=debug msg="    Loading Platform Credentials Check..."
time="2021-05-11T14:24:18+02:00" level=debug msg="      Loading Install Config..."
time="2021-05-11T14:24:18+02:00" level=debug msg="    Loading Install Config..."
time="2021-05-11T14:24:18+02:00" level=debug msg="    Loading Image..."
time="2021-05-11T14:24:18+02:00" level=debug msg="      Loading Install Config..."
time="2021-05-11T14:24:18+02:00" level=debug msg="    Loading Master Ignition Config..."
time="2021-05-11T14:24:18+02:00" level=debug msg="  Loading Worker Machines..."
time="2021-05-11T14:24:18+02:00" level=debug msg="    Loading Cluster ID..."
time="2021-05-11T14:24:18+02:00" level=debug msg="    Loading Platform Credentials Check..."
time="2021-05-11T14:24:18+02:00" level=debug msg="    Loading Install Config..."
time="2021-05-11T14:24:18+02:00" level=debug msg="    Loading Image..."
time="2021-05-11T14:24:18+02:00" level=debug msg="    Loading Worker Ignition Config..."
time="2021-05-11T14:24:18+02:00" level=debug msg="  Loading Common Manifests..."
time="2021-05-11T14:24:18+02:00" level=debug msg="    Loading Cluster ID..."
time="2021-05-11T14:24:18+02:00" level=debug msg="    Loading Install Config..."
time="2021-05-11T14:24:18+02:00" level=debug msg="    Loading Ingress Config..."
time="2021-05-11T14:24:18+02:00" level=debug msg="      Loading Install Config..."
time="2021-05-11T14:24:18+02:00" level=debug msg="    Loading DNS Config..."
time="2021-05-11T14:24:18+02:00" level=debug msg="      Loading Install Config..."
time="2021-05-11T14:24:18+02:00" level=debug msg="      Loading Cluster ID..."
time="2021-05-11T14:24:18+02:00" level=debug msg="      Loading Platform Credentials Check..."
time="2021-05-11T14:24:18+02:00" level=debug msg="    Loading Infrastructure Config..."
time="2021-05-11T14:24:18+02:00" level=debug msg="      Loading Cluster ID..."
time="2021-05-11T14:24:18+02:00" level=debug msg="      Loading Install Config..."
time="2021-05-11T14:24:18+02:00" level=debug msg="      Loading Cloud Provider Config..."
time="2021-05-11T14:24:18+02:00" level=debug msg="        Loading Install Config..."
time="2021-05-11T14:24:18+02:00" level=debug msg="        Loading Cluster ID..."
time="2021-05-11T14:24:18+02:00" level=debug msg="        Loading Platform Credentials Check..."
time="2021-05-11T14:24:18+02:00" level=debug msg="      Loading Additional Trust Bundle Config..."
time="2021-05-11T14:24:18+02:00" level=debug msg="        Loading Install Config..."
time="2021-05-11T14:24:18+02:00" level=debug msg="    Loading Network Config..."
time="2021-05-11T14:24:18+02:00" level=debug msg="      Loading Install Config..."
time="2021-05-11T14:24:18+02:00" level=debug msg="      Loading Network CRDs..."
time="2021-05-11T14:24:18+02:00" level=debug msg="    Loading Proxy Config..."
time="2021-05-11T14:24:18+02:00" level=debug msg="      Loading Install Config..."
time="2021-05-11T14:24:18+02:00" level=debug msg="      Loading Network Config..."
time="2021-05-11T14:24:18+02:00" level=debug msg="    Loading Scheduler Config..."
time="2021-05-11T14:24:18+02:00" level=debug msg="      Loading Install Config..."
time="2021-05-11T14:24:18+02:00" level=debug msg="    Loading Image Content Source Policy..."
time="2021-05-11T14:24:18+02:00" level=debug msg="      Loading Install Config..."
time="2021-05-11T14:24:18+02:00" level=debug msg="    Loading Root CA..."
time="2021-05-11T14:24:18+02:00" level=debug msg="    Loading Certificate (etcd-signer)..."
time="2021-05-11T14:24:18+02:00" level=debug msg="    Loading Certificate (etcd-ca-bundle)..."
time="2021-05-11T14:24:18+02:00" level=debug msg="      Loading Certificate (etcd-signer)..."
time="2021-05-11T14:24:18+02:00" level=debug msg="    Loading Certificate (etcd-client)..."
time="2021-05-11T14:24:18+02:00" level=debug msg="      Loading Certificate (etcd-signer)..."
time="2021-05-11T14:24:18+02:00" level=debug msg="    Loading Certificate (etcd-metric-ca-bundle)..."
time="2021-05-11T14:24:18+02:00" level=debug msg="      Loading Certificate (etcd-metric-signer)..."
time="2021-05-11T14:24:18+02:00" level=debug msg="    Loading Certificate (etcd-metric-signer)..."
time="2021-05-11T14:24:18+02:00" level=debug msg="    Loading Certificate (etcd-metric-signer-client)..."
time="2021-05-11T14:24:18+02:00" level=debug msg="      Loading Certificate (etcd-metric-signer)..."
time="2021-05-11T14:24:18+02:00" level=debug msg="    Loading Certificate (mcs)..."
time="2021-05-11T14:24:18+02:00" level=debug msg="      Loading Root CA..."
time="2021-05-11T14:24:18+02:00" level=debug msg="      Loading Install Config..."
time="2021-05-11T14:24:18+02:00" level=debug msg="    Loading CVOOverrides..."
time="2021-05-11T14:24:18+02:00" level=debug msg="    Loading EtcdCAConfigMap..."
time="2021-05-11T14:24:18+02:00" level=debug msg="    Loading EtcdClientSecret..."
time="2021-05-11T14:24:18+02:00" level=debug msg="    Loading EtcdHostServiceEndpoints..."
time="2021-05-11T14:24:18+02:00" level=debug msg="    Loading EtcdHostService..."
time="2021-05-11T14:24:18+02:00" level=debug msg="    Loading EtcdMetricClientSecret..."
time="2021-05-11T14:24:18+02:00" level=debug msg="    Loading EtcdMetricServingCAConfigMap..."
time="2021-05-11T14:24:18+02:00" level=debug msg="    Loading EtcdMetricSignerSecret..."
time="2021-05-11T14:24:18+02:00" level=debug msg="    Loading EtcdNamespace..."
time="2021-05-11T14:24:18+02:00" level=debug msg="    Loading EtcdService..."
time="2021-05-11T14:24:18+02:00" level=debug msg="    Loading EtcdSignerSecret..."
time="2021-05-11T14:24:18+02:00" level=debug msg="    Loading KubeCloudConfig..."
time="2021-05-11T14:24:18+02:00" level=debug msg="    Loading EtcdServingCAConfigMap..."
time="2021-05-11T14:24:18+02:00" level=debug msg="    Loading KubeSystemConfigmapRootCA..."
time="2021-05-11T14:24:18+02:00" level=debug msg="    Loading MachineConfigServerTLSSecret..."
time="2021-05-11T14:24:18+02:00" level=debug msg="    Loading OpenshiftConfigSecretPullSecret..."
time="2021-05-11T14:24:18+02:00" level=debug msg="    Loading OpenshiftMachineConfigOperator..."
time="2021-05-11T14:24:18+02:00" level=debug msg="  Loading Openshift Manifests..."
time="2021-05-11T14:24:18+02:00" level=debug msg="    Loading Install Config..."
time="2021-05-11T14:24:18+02:00" level=debug msg="    Loading Cluster ID..."
time="2021-05-11T14:24:18+02:00" level=debug msg="    Loading Kubeadmin Password..."
time="2021-05-11T14:24:18+02:00" level=debug msg="    Loading OpenShift Install (Manifests)..."
time="2021-05-11T14:24:18+02:00" level=debug msg="    Loading CloudCredsSecret..."
time="2021-05-11T14:24:18+02:00" level=debug msg="    Loading KubeadminPasswordSecret..."
time="2021-05-11T14:24:18+02:00" level=debug msg="    Loading RoleCloudCredsSecretReader..."
time="2021-05-11T14:24:18+02:00" level=debug msg="    Loading Private Cluster Outbound Service..."
time="2021-05-11T14:24:18+02:00" level=debug msg="    Loading Baremetal Config CR..."
time="2021-05-11T14:24:18+02:00" level=debug msg="    Loading Image..."
time="2021-05-11T14:24:18+02:00" level=debug msg="  Loading Proxy Config..."
time="2021-05-11T14:24:18+02:00" level=debug msg="  Loading Certificate (admin-kubeconfig-ca-bundle)..."
time="2021-05-11T14:24:18+02:00" level=debug msg="    Loading Certificate (admin-kubeconfig-signer)..."
time="2021-05-11T14:24:18+02:00" level=debug msg="  Loading Certificate (aggregator)..."
time="2021-05-11T14:24:18+02:00" level=debug msg="  Loading Certificate (aggregator-ca-bundle)..."
time="2021-05-11T14:24:18+02:00" level=debug msg="    Loading Certificate (aggregator-signer)..."
time="2021-05-11T14:24:18+02:00" level=debug msg="  Loading Certificate (system:kube-apiserver-proxy)..."
time="2021-05-11T14:24:18+02:00" level=debug msg="    Loading Certificate (aggregator-signer)..."
time="2021-05-11T14:24:18+02:00" level=debug msg="  Loading Certificate (aggregator-signer)..."
time="2021-05-11T14:24:18+02:00" level=debug msg="  Loading Certificate (system:kube-apiserver-proxy)..."
time="2021-05-11T14:24:18+02:00" level=debug msg="    Loading Certificate (aggregator)..."
time="2021-05-11T14:24:18+02:00" level=debug msg="  Loading Bootstrap SSH Key Pair..."
time="2021-05-11T14:24:18+02:00" level=debug msg="  Loading Certificate (etcd-ca-bundle)..."
time="2021-05-11T14:24:18+02:00" level=debug msg="  Loading Certificate (etcd-metric-ca-bundle)..."
time="2021-05-11T14:24:18+02:00" level=debug msg="  Loading Certificate (etcd-metric-signer)..."
time="2021-05-11T14:24:18+02:00" level=debug msg="  Loading Certificate (etcd-metric-signer-client)..."
time="2021-05-11T14:24:18+02:00" level=debug msg="  Loading Certificate (etcd-signer)..."
time="2021-05-11T14:24:18+02:00" level=debug msg="  Loading Certificate (etcd-client)..."
time="2021-05-11T14:24:18+02:00" level=debug msg="  Loading Certificate (journal-gatewayd)..."
time="2021-05-11T14:24:18+02:00" level=debug msg="    Loading Root CA..."
time="2021-05-11T14:24:18+02:00" level=debug msg="  Loading Certificate (kube-apiserver-lb-ca-bundle)..."
time="2021-05-11T14:24:18+02:00" level=debug msg="  Loading Certificate (kube-apiserver-external-lb-server)..."
time="2021-05-11T14:24:18+02:00" level=debug msg="    Loading Certificate (kube-apiserver-lb-signer)..."
time="2021-05-11T14:24:18+02:00" level=debug msg="    Loading Install Config..."
time="2021-05-11T14:24:18+02:00" level=debug msg="  Loading Certificate (kube-apiserver-internal-lb-server)..."
time="2021-05-11T14:24:18+02:00" level=debug msg="    Loading Certificate (kube-apiserver-lb-signer)..."
time="2021-05-11T14:24:18+02:00" level=debug msg="    Loading Install Config..."
time="2021-05-11T14:24:18+02:00" level=debug msg="  Loading Certificate (kube-apiserver-lb-signer)..."
time="2021-05-11T14:24:18+02:00" level=debug msg="  Loading Certificate (kube-apiserver-localhost-ca-bundle)..."
time="2021-05-11T14:24:18+02:00" level=debug msg="  Loading Certificate (kube-apiserver-localhost-server)..."
time="2021-05-11T14:24:18+02:00" level=debug msg="    Loading Certificate (kube-apiserver-localhost-signer)..."
time="2021-05-11T14:24:18+02:00" level=debug msg="  Loading Certificate (kube-apiserver-localhost-signer)..."
time="2021-05-11T14:24:18+02:00" level=debug msg="  Loading Certificate (kube-apiserver-service-network-ca-bundle)..."
time="2021-05-11T14:24:18+02:00" level=debug msg="  Loading Certificate (kube-apiserver-service-network-server)..."
time="2021-05-11T14:24:18+02:00" level=debug msg="    Loading Certificate (kube-apiserver-service-network-signer)..."
time="2021-05-11T14:24:18+02:00" level=debug msg="    Loading Install Config..."
time="2021-05-11T14:24:18+02:00" level=debug msg="  Loading Certificate (kube-apiserver-service-network-signer)..."
time="2021-05-11T14:24:18+02:00" level=debug msg="  Loading Certificate (kube-apiserver-complete-server-ca-bundle)..."
time="2021-05-11T14:24:18+02:00" level=debug msg="  Loading Certificate (kube-apiserver-complete-client-ca-bundle)..."
time="2021-05-11T14:24:18+02:00" level=debug msg="    Loading Certificate (admin-kubeconfig-ca-bundle)..."
time="2021-05-11T14:24:18+02:00" level=debug msg="    Loading Certificate (kubelet-client-ca-bundle)..."
time="2021-05-11T14:24:18+02:00" level=debug msg="      Loading Certificate (kubelet-signer)..."
time="2021-05-11T14:24:18+02:00" level=debug msg="    Loading Certificate (kube-control-plane-ca-bundle)..."
time="2021-05-11T14:24:18+02:00" level=debug msg="      Loading Certificate (kube-control-plane-signer)..."
time="2021-05-11T14:24:18+02:00" level=debug msg="      Loading Certificate (kube-apiserver-lb-signer)..."
time="2021-05-11T14:24:18+02:00" level=debug msg="      Loading Certificate (kube-apiserver-localhost-signer)..."
time="2021-05-11T14:24:18+02:00" level=debug msg="      Loading Certificate (kube-apiserver-service-network-signer)..."
time="2021-05-11T14:24:18+02:00" level=debug msg="    Loading Certificate (kube-apiserver-to-kubelet-ca-bundle)..."
time="2021-05-11T14:24:18+02:00" level=debug msg="      Loading Certificate (kube-apiserver-to-kubelet-signer)..."
time="2021-05-11T14:24:18+02:00" level=debug msg="    Loading Certificate (kubelet-bootstrap-kubeconfig-ca-bundle)..."
time="2021-05-11T14:24:18+02:00" level=debug msg="      Loading Certificate (kubelet-bootstrap-kubeconfig-signer)..."
time="2021-05-11T14:24:18+02:00" level=debug msg="  Loading Certificate (kube-apiserver-to-kubelet-ca-bundle)..."
time="2021-05-11T14:24:18+02:00" level=debug msg="  Loading Certificate (kube-apiserver-to-kubelet-client)..."
time="2021-05-11T14:24:18+02:00" level=debug msg="    Loading Certificate (kube-apiserver-to-kubelet-signer)..."
time="2021-05-11T14:24:18+02:00" level=debug msg="  Loading Certificate (kube-apiserver-to-kubelet-signer)..."
time="2021-05-11T14:24:18+02:00" level=debug msg="  Loading Certificate (kube-control-plane-ca-bundle)..."
time="2021-05-11T14:24:18+02:00" level=debug msg="  Loading Certificate (kube-control-plane-kube-controller-manager-client)..."
time="2021-05-11T14:24:18+02:00" level=debug msg="    Loading Certificate (kube-control-plane-signer)..."
time="2021-05-11T14:24:18+02:00" level=debug msg="  Loading Certificate (kube-control-plane-kube-scheduler-client)..."
time="2021-05-11T14:24:18+02:00" level=debug msg="    Loading Certificate (kube-control-plane-signer)..."
time="2021-05-11T14:24:18+02:00" level=debug msg="  Loading Certificate (kube-control-plane-signer)..."
time="2021-05-11T14:24:18+02:00" level=debug msg="  Loading Certificate (kubelet-bootstrap-kubeconfig-ca-bundle)..."
time="2021-05-11T14:24:18+02:00" level=debug msg="  Loading Certificate (kubelet-client-ca-bundle)..."
time="2021-05-11T14:24:18+02:00" level=debug msg="  Loading Certificate (kubelet-client)..."
time="2021-05-11T14:24:18+02:00" level=debug msg="  Loading Certificate (kubelet-signer)..."
time="2021-05-11T14:24:18+02:00" level=debug msg="  Loading Certificate (kubelet-serving-ca-bundle)..."
time="2021-05-11T14:24:18+02:00" level=debug msg="    Loading Certificate (kubelet-signer)..."
time="2021-05-11T14:24:18+02:00" level=debug msg="  Loading Certificate (mcs)..."
time="2021-05-11T14:24:18+02:00" level=debug msg="  Loading Root CA..."
time="2021-05-11T14:24:18+02:00" level=debug msg="  Loading Key Pair (service-account.pub)..."
time="2021-05-11T14:24:18+02:00" level=debug msg="  Loading Release Image Pull Spec..."
time="2021-05-11T14:24:18+02:00" level=debug msg="  Loading Image..."
time="2021-05-11T14:24:18+02:00" level=debug msg="  Fetching Install Config..."
time="2021-05-11T14:24:18+02:00" level=debug msg="  Reusing previously-fetched Install Config"
time="2021-05-11T14:24:18+02:00" level=debug msg="  Fetching Kubeconfig Admin Internal Client..."
time="2021-05-11T14:24:18+02:00" level=debug msg="    Fetching Certificate (admin-kubeconfig-client)..."
time="2021-05-11T14:24:18+02:00" level=debug msg="    Reusing previously-fetched Certificate (admin-kubeconfig-client)"
time="2021-05-11T14:24:18+02:00" level=debug msg="    Fetching Certificate (kube-apiserver-complete-server-ca-bundle)..."
time="2021-05-11T14:24:18+02:00" level=debug msg="    Reusing previously-fetched Certificate (kube-apiserver-complete-server-ca-bundle)"
time="2021-05-11T14:24:18+02:00" level=debug msg="    Fetching Install Config..."
time="2021-05-11T14:24:18+02:00" level=debug msg="    Reusing previously-fetched Install Config"
time="2021-05-11T14:24:18+02:00" level=debug msg="  Generating Kubeconfig Admin Internal Client..."
time="2021-05-11T14:24:18+02:00" level=debug msg="  Fetching Kubeconfig Kubelet..."
time="2021-05-11T14:24:18+02:00" level=debug msg="    Fetching Certificate (kube-apiserver-complete-server-ca-bundle)..."
time="2021-05-11T14:24:18+02:00" level=debug msg="    Reusing previously-fetched Certificate (kube-apiserver-complete-server-ca-bundle)"
time="2021-05-11T14:24:18+02:00" level=debug msg="    Fetching Certificate (kubelet-client)..."
time="2021-05-11T14:24:18+02:00" level=debug msg="      Fetching Certificate (kubelet-bootstrap-kubeconfig-signer)..."
time="2021-05-11T14:24:18+02:00" level=debug msg="      Generating Certificate (kubelet-bootstrap-kubeconfig-signer)..."
time="2021-05-11T14:24:19+02:00" level=debug msg="    Generating Certificate (kubelet-client)..."
time="2021-05-11T14:24:19+02:00" level=debug msg="    Fetching Install Config..."
time="2021-05-11T14:24:19+02:00" level=debug msg="    Reusing previously-fetched Install Config"
time="2021-05-11T14:24:19+02:00" level=debug msg="  Generating Kubeconfig Kubelet..."
time="2021-05-11T14:24:19+02:00" level=debug msg="  Fetching Kubeconfig Admin Client (Loopback)..."
time="2021-05-11T14:24:19+02:00" level=debug msg="    Fetching Certificate (admin-kubeconfig-client)..."
time="2021-05-11T14:24:19+02:00" level=debug msg="    Reusing previously-fetched Certificate (admin-kubeconfig-client)"
time="2021-05-11T14:24:19+02:00" level=debug msg="    Fetching Certificate (kube-apiserver-localhost-ca-bundle)..."
time="2021-05-11T14:24:19+02:00" level=debug msg="    Reusing previously-fetched Certificate (kube-apiserver-localhost-ca-bundle)"
time="2021-05-11T14:24:19+02:00" level=debug msg="    Fetching Install Config..."
time="2021-05-11T14:24:19+02:00" level=debug msg="    Reusing previously-fetched Install Config"
time="2021-05-11T14:24:19+02:00" level=debug msg="  Generating Kubeconfig Admin Client (Loopback)..."
time="2021-05-11T14:24:19+02:00" level=debug msg="  Fetching Master Machines..."
time="2021-05-11T14:24:19+02:00" level=debug msg="    Fetching Cluster ID..."
time="2021-05-11T14:24:19+02:00" level=debug msg="      Fetching Install Config..."
time="2021-05-11T14:24:19+02:00" level=debug msg="      Reusing previously-fetched Install Config"
time="2021-05-11T14:24:19+02:00" level=debug msg="    Generating Cluster ID..."
time="2021-05-11T14:24:19+02:00" level=debug msg="    Fetching Platform Credentials Check..."
time="2021-05-11T14:24:19+02:00" level=debug msg="      Fetching Install Config..."
time="2021-05-11T14:24:19+02:00" level=debug msg="      Reusing previously-fetched Install Config"
time="2021-05-11T14:24:19+02:00" level=debug msg="    Generating Platform Credentials Check..."
time="2021-05-11T14:24:19+02:00" level=debug msg="    Fetching Install Config..."
time="2021-05-11T14:24:19+02:00" level=debug msg="    Reusing previously-fetched Install Config"
time="2021-05-11T14:24:19+02:00" level=debug msg="    Fetching Image..."
time="2021-05-11T14:24:19+02:00" level=debug msg="      Fetching Install Config..."
time="2021-05-11T14:24:19+02:00" level=debug msg="      Reusing previously-fetched Install Config"
time="2021-05-11T14:24:19+02:00" level=debug msg="    Generating Image..."
time="2021-05-11T14:24:19+02:00" level=debug msg="    Fetching Master Ignition Config..."
time="2021-05-11T14:24:19+02:00" level=debug msg="    Reusing previously-fetched Master Ignition Config"
time="2021-05-11T14:24:19+02:00" level=debug msg="  Generating Master Machines..."
time="2021-05-11T14:24:19+02:00" level=debug msg="  Fetching Worker Machines..."
time="2021-05-11T14:24:19+02:00" level=debug msg="    Fetching Cluster ID..."
time="2021-05-11T14:24:19+02:00" level=debug msg="    Reusing previously-fetched Cluster ID"
time="2021-05-11T14:24:19+02:00" level=debug msg="    Fetching Platform Credentials Check..."
time="2021-05-11T14:24:19+02:00" level=debug msg="    Reusing previously-fetched Platform Credentials Check"
time="2021-05-11T14:24:19+02:00" level=debug msg="    Fetching Install Config..."
time="2021-05-11T14:24:19+02:00" level=debug msg="    Reusing previously-fetched Install Config"
time="2021-05-11T14:24:19+02:00" level=debug msg="    Fetching Image..."
time="2021-05-11T14:24:19+02:00" level=debug msg="    Reusing previously-fetched Image"
time="2021-05-11T14:24:19+02:00" level=debug msg="    Fetching Worker Ignition Config..."
time="2021-05-11T14:24:19+02:00" level=debug msg="    Reusing previously-fetched Worker Ignition Config"
time="2021-05-11T14:24:19+02:00" level=debug msg="  Generating Worker Machines..."
time="2021-05-11T14:24:19+02:00" level=debug msg="  Fetching Common Manifests..."
time="2021-05-11T14:24:19+02:00" level=debug msg="    Fetching Cluster ID..."
time="2021-05-11T14:24:19+02:00" level=debug msg="    Reusing previously-fetched Cluster ID"
time="2021-05-11T14:24:19+02:00" level=debug msg="    Fetching Install Config..."
time="2021-05-11T14:24:19+02:00" level=debug msg="    Reusing previously-fetched Install Config"
time="2021-05-11T14:24:19+02:00" level=debug msg="    Fetching Ingress Config..."
time="2021-05-11T14:24:19+02:00" level=debug msg="      Fetching Install Config..."
time="2021-05-11T14:24:19+02:00" level=debug msg="      Reusing previously-fetched Install Config"
time="2021-05-11T14:24:19+02:00" level=debug msg="    Generating Ingress Config..."
time="2021-05-11T14:24:19+02:00" level=debug msg="    Fetching DNS Config..."
time="2021-05-11T14:24:19+02:00" level=debug msg="      Fetching Install Config..."
time="2021-05-11T14:24:19+02:00" level=debug msg="      Reusing previously-fetched Install Config"
time="2021-05-11T14:24:19+02:00" level=debug msg="      Fetching Cluster ID..."
time="2021-05-11T14:24:19+02:00" level=debug msg="      Reusing previously-fetched Cluster ID"
time="2021-05-11T14:24:19+02:00" level=debug msg="      Fetching Platform Credentials Check..."
time="2021-05-11T14:24:19+02:00" level=debug msg="      Reusing previously-fetched Platform Credentials Check"
time="2021-05-11T14:24:19+02:00" level=debug msg="    Generating DNS Config..."
time="2021-05-11T14:24:19+02:00" level=debug msg="    Fetching Infrastructure Config..."
time="2021-05-11T14:24:19+02:00" level=debug msg="      Fetching Cluster ID..."
time="2021-05-11T14:24:19+02:00" level=debug msg="      Reusing previously-fetched Cluster ID"
time="2021-05-11T14:24:19+02:00" level=debug msg="      Fetching Install Config..."
time="2021-05-11T14:24:19+02:00" level=debug msg="      Reusing previously-fetched Install Config"
time="2021-05-11T14:24:19+02:00" level=debug msg="      Fetching Cloud Provider Config..."
time="2021-05-11T14:24:19+02:00" level=debug msg="        Fetching Install Config..."
time="2021-05-11T14:24:19+02:00" level=debug msg="        Reusing previously-fetched Install Config"
time="2021-05-11T14:24:19+02:00" level=debug msg="        Fetching Cluster ID..."
time="2021-05-11T14:24:19+02:00" level=debug msg="        Reusing previously-fetched Cluster ID"
time="2021-05-11T14:24:19+02:00" level=debug msg="        Fetching Platform Credentials Check..."
time="2021-05-11T14:24:19+02:00" level=debug msg="        Reusing previously-fetched Platform Credentials Check"
time="2021-05-11T14:24:19+02:00" level=debug msg="      Generating Cloud Provider Config..."
time="2021-05-11T14:24:19+02:00" level=debug msg="      Fetching Additional Trust Bundle Config..."
time="2021-05-11T14:24:19+02:00" level=debug msg="        Fetching Install Config..."
time="2021-05-11T14:24:19+02:00" level=debug msg="        Reusing previously-fetched Install Config"
time="2021-05-11T14:24:19+02:00" level=debug msg="      Generating Additional Trust Bundle Config..."
time="2021-05-11T14:24:19+02:00" level=debug msg="    Generating Infrastructure Config..."
time="2021-05-11T14:24:19+02:00" level=debug msg="    Fetching Network Config..."
time="2021-05-11T14:24:19+02:00" level=debug msg="      Fetching Install Config..."
time="2021-05-11T14:24:19+02:00" level=debug msg="      Reusing previously-fetched Install Config"
time="2021-05-11T14:24:19+02:00" level=debug msg="      Fetching Network CRDs..."
time="2021-05-11T14:24:19+02:00" level=debug msg="      Generating Network CRDs..."
time="2021-05-11T14:24:19+02:00" level=debug msg="    Generating Network Config..."
time="2021-05-11T14:24:19+02:00" level=debug msg="    Fetching Proxy Config..."
time="2021-05-11T14:24:19+02:00" level=debug msg="      Fetching Install Config..."
time="2021-05-11T14:24:19+02:00" level=debug msg="      Reusing previously-fetched Install Config"
time="2021-05-11T14:24:19+02:00" level=debug msg="      Fetching Network Config..."
time="2021-05-11T14:24:19+02:00" level=debug msg="      Reusing previously-fetched Network Config"
time="2021-05-11T14:24:19+02:00" level=debug msg="    Generating Proxy Config..."
time="2021-05-11T14:24:19+02:00" level=debug msg="    Fetching Scheduler Config..."
time="2021-05-11T14:24:19+02:00" level=debug msg="      Fetching Install Config..."
time="2021-05-11T14:24:19+02:00" level=debug msg="      Reusing previously-fetched Install Config"
time="2021-05-11T14:24:19+02:00" level=debug msg="    Generating Scheduler Config..."
time="2021-05-11T14:24:19+02:00" level=warning msg="Making control-plane schedulable by setting MastersSchedulable to true for Scheduler cluster settings"
time="2021-05-11T14:24:19+02:00" level=debug msg="    Fetching Image Content Source Policy..."
time="2021-05-11T14:24:19+02:00" level=debug msg="      Fetching Install Config..."
time="2021-05-11T14:24:19+02:00" level=debug msg="      Reusing previously-fetched Install Config"
time="2021-05-11T14:24:19+02:00" level=debug msg="    Generating Image Content Source Policy..."
time="2021-05-11T14:24:19+02:00" level=debug msg="    Fetching Root CA..."
time="2021-05-11T14:24:19+02:00" level=debug msg="    Reusing previously-fetched Root CA"
time="2021-05-11T14:24:19+02:00" level=debug msg="    Fetching Certificate (etcd-signer)..."
time="2021-05-11T14:24:19+02:00" level=debug msg="    Generating Certificate (etcd-signer)..."
time="2021-05-11T14:24:19+02:00" level=debug msg="    Fetching Certificate (etcd-ca-bundle)..."
time="2021-05-11T14:24:19+02:00" level=debug msg="      Fetching Certificate (etcd-signer)..."
time="2021-05-11T14:24:19+02:00" level=debug msg="      Reusing previously-fetched Certificate (etcd-signer)"
time="2021-05-11T14:24:19+02:00" level=debug msg="    Generating Certificate (etcd-ca-bundle)..."
time="2021-05-11T14:24:19+02:00" level=debug msg="    Fetching Certificate (etcd-client)..."
time="2021-05-11T14:24:19+02:00" level=debug msg="      Fetching Certificate (etcd-signer)..."
time="2021-05-11T14:24:19+02:00" level=debug msg="      Reusing previously-fetched Certificate (etcd-signer)"
time="2021-05-11T14:24:19+02:00" level=debug msg="    Generating Certificate (etcd-client)..."
time="2021-05-11T14:24:19+02:00" level=debug msg="    Fetching Certificate (etcd-metric-ca-bundle)..."
time="2021-05-11T14:24:19+02:00" level=debug msg="      Fetching Certificate (etcd-metric-signer)..."
time="2021-05-11T14:24:19+02:00" level=debug msg="      Generating Certificate (etcd-metric-signer)..."
time="2021-05-11T14:24:20+02:00" level=debug msg="    Generating Certificate (etcd-metric-ca-bundle)..."
time="2021-05-11T14:24:20+02:00" level=debug msg="    Fetching Certificate (etcd-metric-signer)..."
time="2021-05-11T14:24:20+02:00" level=debug msg="    Reusing previously-fetched Certificate (etcd-metric-signer)"
time="2021-05-11T14:24:20+02:00" level=debug msg="    Fetching Certificate (etcd-metric-signer-client)..."
time="2021-05-11T14:24:20+02:00" level=debug msg="      Fetching Certificate (etcd-metric-signer)..."
time="2021-05-11T14:24:20+02:00" level=debug msg="      Reusing previously-fetched Certificate (etcd-metric-signer)"
time="2021-05-11T14:24:20+02:00" level=debug msg="    Generating Certificate (etcd-metric-signer-client)..."
time="2021-05-11T14:24:20+02:00" level=debug msg="    Fetching Certificate (mcs)..."
time="2021-05-11T14:24:20+02:00" level=debug msg="      Fetching Root CA..."
time="2021-05-11T14:24:20+02:00" level=debug msg="      Reusing previously-fetched Root CA"
time="2021-05-11T14:24:20+02:00" level=debug msg="      Fetching Install Config..."
time="2021-05-11T14:24:20+02:00" level=debug msg="      Reusing previously-fetched Install Config"
time="2021-05-11T14:24:20+02:00" level=debug msg="    Generating Certificate (mcs)..."
time="2021-05-11T14:24:20+02:00" level=debug msg="    Fetching CVOOverrides..."
time="2021-05-11T14:24:20+02:00" level=debug msg="    Generating CVOOverrides..."
time="2021-05-11T14:24:20+02:00" level=debug msg="    Fetching EtcdCAConfigMap..."
time="2021-05-11T14:24:20+02:00" level=debug msg="    Generating EtcdCAConfigMap..."
time="2021-05-11T14:24:20+02:00" level=debug msg="    Fetching EtcdClientSecret..."
time="2021-05-11T14:24:20+02:00" level=debug msg="    Generating EtcdClientSecret..."
time="2021-05-11T14:24:20+02:00" level=debug msg="    Fetching EtcdHostServiceEndpoints..."
time="2021-05-11T14:24:20+02:00" level=debug msg="    Generating EtcdHostServiceEndpoints..."
time="2021-05-11T14:24:20+02:00" level=debug msg="    Fetching EtcdHostService..."
time="2021-05-11T14:24:20+02:00" level=debug msg="    Generating EtcdHostService..."
time="2021-05-11T14:24:20+02:00" level=debug msg="    Fetching EtcdMetricClientSecret..."
time="2021-05-11T14:24:20+02:00" level=debug msg="    Generating EtcdMetricClientSecret..."
time="2021-05-11T14:24:20+02:00" level=debug msg="    Fetching EtcdMetricServingCAConfigMap..."
time="2021-05-11T14:24:20+02:00" level=debug msg="    Generating EtcdMetricServingCAConfigMap..."
time="2021-05-11T14:24:20+02:00" level=debug msg="    Fetching EtcdMetricSignerSecret..."
time="2021-05-11T14:24:20+02:00" level=debug msg="    Generating EtcdMetricSignerSecret..."
time="2021-05-11T14:24:20+02:00" level=debug msg="    Fetching EtcdNamespace..."
time="2021-05-11T14:24:20+02:00" level=debug msg="    Generating EtcdNamespace..."
time="2021-05-11T14:24:20+02:00" level=debug msg="    Fetching EtcdService..."
time="2021-05-11T14:24:20+02:00" level=debug msg="    Generating EtcdService..."
time="2021-05-11T14:24:20+02:00" level=debug msg="    Fetching EtcdSignerSecret..."
time="2021-05-11T14:24:20+02:00" level=debug msg="    Generating EtcdSignerSecret..."
time="2021-05-11T14:24:20+02:00" level=debug msg="    Fetching KubeCloudConfig..."
time="2021-05-11T14:24:20+02:00" level=debug msg="    Generating KubeCloudConfig..."
time="2021-05-11T14:24:20+02:00" level=debug msg="    Fetching EtcdServingCAConfigMap..."
time="2021-05-11T14:24:20+02:00" level=debug msg="    Generating EtcdServingCAConfigMap..."
time="2021-05-11T14:24:20+02:00" level=debug msg="    Fetching KubeSystemConfigmapRootCA..."
time="2021-05-11T14:24:20+02:00" level=debug msg="    Generating KubeSystemConfigmapRootCA..."
time="2021-05-11T14:24:20+02:00" level=debug msg="    Fetching MachineConfigServerTLSSecret..."
time="2021-05-11T14:24:20+02:00" level=debug msg="    Generating MachineConfigServerTLSSecret..."
time="2021-05-11T14:24:20+02:00" level=debug msg="    Fetching OpenshiftConfigSecretPullSecret..."
time="2021-05-11T14:24:20+02:00" level=debug msg="    Generating OpenshiftConfigSecretPullSecret..."
time="2021-05-11T14:24:20+02:00" level=debug msg="    Fetching OpenshiftMachineConfigOperator..."
time="2021-05-11T14:24:20+02:00" level=debug msg="    Generating OpenshiftMachineConfigOperator..."
time="2021-05-11T14:24:20+02:00" level=debug msg="  Generating Common Manifests..."
time="2021-05-11T14:24:20+02:00" level=debug msg="  Fetching Openshift Manifests..."
time="2021-05-11T14:24:20+02:00" level=debug msg="    Fetching Install Config..."
time="2021-05-11T14:24:20+02:00" level=debug msg="    Reusing previously-fetched Install Config"
time="2021-05-11T14:24:20+02:00" level=debug msg="    Fetching Cluster ID..."
time="2021-05-11T14:24:20+02:00" level=debug msg="    Reusing previously-fetched Cluster ID"
time="2021-05-11T14:24:20+02:00" level=debug msg="    Fetching Kubeadmin Password..."
time="2021-05-11T14:24:20+02:00" level=debug msg="    Reusing previously-fetched Kubeadmin Password"
time="2021-05-11T14:24:20+02:00" level=debug msg="    Fetching OpenShift Install (Manifests)..."
time="2021-05-11T14:24:20+02:00" level=debug msg="    Generating OpenShift Install (Manifests)..."
time="2021-05-11T14:24:20+02:00" level=debug msg="    Fetching CloudCredsSecret..."
time="2021-05-11T14:24:20+02:00" level=debug msg="    Generating CloudCredsSecret..."
time="2021-05-11T14:24:20+02:00" level=debug msg="    Fetching KubeadminPasswordSecret..."
time="2021-05-11T14:24:20+02:00" level=debug msg="    Generating KubeadminPasswordSecret..."
time="2021-05-11T14:24:20+02:00" level=debug msg="    Fetching RoleCloudCredsSecretReader..."
time="2021-05-11T14:24:20+02:00" level=debug msg="    Generating RoleCloudCredsSecretReader..."
time="2021-05-11T14:24:20+02:00" level=debug msg="    Fetching Private Cluster Outbound Service..."
time="2021-05-11T14:24:20+02:00" level=debug msg="    Generating Private Cluster Outbound Service..."
time="2021-05-11T14:24:20+02:00" level=debug msg="    Fetching Baremetal Config CR..."
time="2021-05-11T14:24:20+02:00" level=debug msg="    Generating Baremetal Config CR..."
time="2021-05-11T14:24:20+02:00" level=debug msg="    Fetching Image..."
time="2021-05-11T14:24:20+02:00" level=debug msg="    Reusing previously-fetched Image"
time="2021-05-11T14:24:20+02:00" level=debug msg="  Generating Openshift Manifests..."
time="2021-05-11T14:24:20+02:00" level=debug msg="  Fetching Proxy Config..."
time="2021-05-11T14:24:20+02:00" level=debug msg="  Reusing previously-fetched Proxy Config"
time="2021-05-11T14:24:20+02:00" level=debug msg="  Fetching Certificate (admin-kubeconfig-ca-bundle)..."
time="2021-05-11T14:24:20+02:00" level=debug msg="    Fetching Certificate (admin-kubeconfig-signer)..."
time="2021-05-11T14:24:20+02:00" level=debug msg="    Reusing previously-fetched Certificate (admin-kubeconfig-signer)"
time="2021-05-11T14:24:20+02:00" level=debug msg="  Generating Certificate (admin-kubeconfig-ca-bundle)..."
time="2021-05-11T14:24:20+02:00" level=debug msg="  Fetching Certificate (aggregator)..."
time="2021-05-11T14:24:20+02:00" level=debug msg="  Generating Certificate (aggregator)..."
time="2021-05-11T14:24:20+02:00" level=debug msg="  Fetching Certificate (aggregator-ca-bundle)..."
time="2021-05-11T14:24:20+02:00" level=debug msg="    Fetching Certificate (aggregator-signer)..."
time="2021-05-11T14:24:20+02:00" level=debug msg="    Generating Certificate (aggregator-signer)..."
time="2021-05-11T14:24:21+02:00" level=debug msg="  Generating Certificate (aggregator-ca-bundle)..."
time="2021-05-11T14:24:21+02:00" level=debug msg="  Fetching Certificate (system:kube-apiserver-proxy)..."
time="2021-05-11T14:24:21+02:00" level=debug msg="    Fetching Certificate (aggregator-signer)..."
time="2021-05-11T14:24:21+02:00" level=debug msg="    Reusing previously-fetched Certificate (aggregator-signer)"
time="2021-05-11T14:24:21+02:00" level=debug msg="  Generating Certificate (system:kube-apiserver-proxy)..."
time="2021-05-11T14:24:21+02:00" level=debug msg="  Fetching Certificate (aggregator-signer)..."
time="2021-05-11T14:24:21+02:00" level=debug msg="  Reusing previously-fetched Certificate (aggregator-signer)"
time="2021-05-11T14:24:21+02:00" level=debug msg="  Fetching Certificate (system:kube-apiserver-proxy)..."
time="2021-05-11T14:24:21+02:00" level=debug msg="    Fetching Certificate (aggregator)..."
time="2021-05-11T14:24:21+02:00" level=debug msg="    Reusing previously-fetched Certificate (aggregator)"
time="2021-05-11T14:24:21+02:00" level=debug msg="  Generating Certificate (system:kube-apiserver-proxy)..."
time="2021-05-11T14:24:21+02:00" level=debug msg="  Fetching Bootstrap SSH Key Pair..."
time="2021-05-11T14:24:21+02:00" level=debug msg="  Generating Bootstrap SSH Key Pair..."
time="2021-05-11T14:24:21+02:00" level=debug msg="  Fetching Certificate (etcd-ca-bundle)..."
time="2021-05-11T14:24:21+02:00" level=debug msg="  Reusing previously-fetched Certificate (etcd-ca-bundle)"
time="2021-05-11T14:24:21+02:00" level=debug msg="  Fetching Certificate (etcd-metric-ca-bundle)..."
time="2021-05-11T14:24:21+02:00" level=debug msg="  Reusing previously-fetched Certificate (etcd-metric-ca-bundle)"
time="2021-05-11T14:24:21+02:00" level=debug msg="  Fetching Certificate (etcd-metric-signer)..."
time="2021-05-11T14:24:21+02:00" level=debug msg="  Reusing previously-fetched Certificate (etcd-metric-signer)"
time="2021-05-11T14:24:21+02:00" level=debug msg="  Fetching Certificate (etcd-metric-signer-client)..."
time="2021-05-11T14:24:21+02:00" level=debug msg="  Reusing previously-fetched Certificate (etcd-metric-signer-client)"
time="2021-05-11T14:24:21+02:00" level=debug msg="  Fetching Certificate (etcd-signer)..."
time="2021-05-11T14:24:21+02:00" level=debug msg="  Reusing previously-fetched Certificate (etcd-signer)"
time="2021-05-11T14:24:21+02:00" level=debug msg="  Fetching Certificate (etcd-client)..."
time="2021-05-11T14:24:21+02:00" level=debug msg="  Reusing previously-fetched Certificate (etcd-client)"
time="2021-05-11T14:24:21+02:00" level=debug msg="  Fetching Certificate (journal-gatewayd)..."
time="2021-05-11T14:24:21+02:00" level=debug msg="    Fetching Root CA..."
time="2021-05-11T14:24:21+02:00" level=debug msg="    Reusing previously-fetched Root CA"
time="2021-05-11T14:24:21+02:00" level=debug msg="  Generating Certificate (journal-gatewayd)..."
time="2021-05-11T14:24:21+02:00" level=debug msg="  Fetching Certificate (kube-apiserver-lb-ca-bundle)..."
time="2021-05-11T14:24:21+02:00" level=debug msg="  Reusing previously-fetched Certificate (kube-apiserver-lb-ca-bundle)"
time="2021-05-11T14:24:21+02:00" level=debug msg="  Fetching Certificate (kube-apiserver-external-lb-server)..."
time="2021-05-11T14:24:21+02:00" level=debug msg="    Fetching Certificate (kube-apiserver-lb-signer)..."
time="2021-05-11T14:24:21+02:00" level=debug msg="    Reusing previously-fetched Certificate (kube-apiserver-lb-signer)"
time="2021-05-11T14:24:21+02:00" level=debug msg="    Fetching Install Config..."
time="2021-05-11T14:24:21+02:00" level=debug msg="    Reusing previously-fetched Install Config"
time="2021-05-11T14:24:21+02:00" level=debug msg="  Generating Certificate (kube-apiserver-external-lb-server)..."
time="2021-05-11T14:24:22+02:00" level=debug msg="  Fetching Certificate (kube-apiserver-internal-lb-server)..."
time="2021-05-11T14:24:22+02:00" level=debug msg="    Fetching Certificate (kube-apiserver-lb-signer)..."
time="2021-05-11T14:24:22+02:00" level=debug msg="    Reusing previously-fetched Certificate (kube-apiserver-lb-signer)"
time="2021-05-11T14:24:22+02:00" level=debug msg="    Fetching Install Config..."
time="2021-05-11T14:24:22+02:00" level=debug msg="    Reusing previously-fetched Install Config"
time="2021-05-11T14:24:22+02:00" level=debug msg="  Generating Certificate (kube-apiserver-internal-lb-server)..."
time="2021-05-11T14:24:22+02:00" level=debug msg="  Fetching Certificate (kube-apiserver-lb-signer)..."
time="2021-05-11T14:24:22+02:00" level=debug msg="  Reusing previously-fetched Certificate (kube-apiserver-lb-signer)"
time="2021-05-11T14:24:22+02:00" level=debug msg="  Fetching Certificate (kube-apiserver-localhost-ca-bundle)..."
time="2021-05-11T14:24:22+02:00" level=debug msg="  Reusing previously-fetched Certificate (kube-apiserver-localhost-ca-bundle)"
time="2021-05-11T14:24:22+02:00" level=debug msg="  Fetching Certificate (kube-apiserver-localhost-server)..."
time="2021-05-11T14:24:22+02:00" level=debug msg="    Fetching Certificate (kube-apiserver-localhost-signer)..."
time="2021-05-11T14:24:22+02:00" level=debug msg="    Reusing previously-fetched Certificate (kube-apiserver-localhost-signer)"
time="2021-05-11T14:24:22+02:00" level=debug msg="  Generating Certificate (kube-apiserver-localhost-server)..."
time="2021-05-11T14:24:22+02:00" level=debug msg="  Fetching Certificate (kube-apiserver-localhost-signer)..."
time="2021-05-11T14:24:22+02:00" level=debug msg="  Reusing previously-fetched Certificate (kube-apiserver-localhost-signer)"
time="2021-05-11T14:24:22+02:00" level=debug msg="  Fetching Certificate (kube-apiserver-service-network-ca-bundle)..."
time="2021-05-11T14:24:22+02:00" level=debug msg="  Reusing previously-fetched Certificate (kube-apiserver-service-network-ca-bundle)"
time="2021-05-11T14:24:22+02:00" level=debug msg="  Fetching Certificate (kube-apiserver-service-network-server)..."
time="2021-05-11T14:24:22+02:00" level=debug msg="    Fetching Certificate (kube-apiserver-service-network-signer)..."
time="2021-05-11T14:24:22+02:00" level=debug msg="    Reusing previously-fetched Certificate (kube-apiserver-service-network-signer)"
time="2021-05-11T14:24:22+02:00" level=debug msg="    Fetching Install Config..."
time="2021-05-11T14:24:22+02:00" level=debug msg="    Reusing previously-fetched Install Config"
time="2021-05-11T14:24:22+02:00" level=debug msg="  Generating Certificate (kube-apiserver-service-network-server)..."
time="2021-05-11T14:24:23+02:00" level=debug msg="  Fetching Certificate (kube-apiserver-service-network-signer)..."
time="2021-05-11T14:24:23+02:00" level=debug msg="  Reusing previously-fetched Certificate (kube-apiserver-service-network-signer)"
time="2021-05-11T14:24:23+02:00" level=debug msg="  Fetching Certificate (kube-apiserver-complete-server-ca-bundle)..."
time="2021-05-11T14:24:23+02:00" level=debug msg="  Reusing previously-fetched Certificate (kube-apiserver-complete-server-ca-bundle)"
time="2021-05-11T14:24:23+02:00" level=debug msg="  Fetching Certificate (kube-apiserver-complete-client-ca-bundle)..."
time="2021-05-11T14:24:23+02:00" level=debug msg="    Fetching Certificate (admin-kubeconfig-ca-bundle)..."
time="2021-05-11T14:24:23+02:00" level=debug msg="    Reusing previously-fetched Certificate (admin-kubeconfig-ca-bundle)"
time="2021-05-11T14:24:23+02:00" level=debug msg="    Fetching Certificate (kubelet-client-ca-bundle)..."
time="2021-05-11T14:24:23+02:00" level=debug msg="      Fetching Certificate (kubelet-signer)..."
time="2021-05-11T14:24:23+02:00" level=debug msg="      Generating Certificate (kubelet-signer)..."
time="2021-05-11T14:24:23+02:00" level=debug msg="    Generating Certificate (kubelet-client-ca-bundle)..."
time="2021-05-11T14:24:23+02:00" level=debug msg="    Fetching Certificate (kube-control-plane-ca-bundle)..."
time="2021-05-11T14:24:23+02:00" level=debug msg="      Fetching Certificate (kube-control-plane-signer)..."
time="2021-05-11T14:24:23+02:00" level=debug msg="      Generating Certificate (kube-control-plane-signer)..."
time="2021-05-11T14:24:23+02:00" level=debug msg="      Fetching Certificate (kube-apiserver-lb-signer)..."
time="2021-05-11T14:24:23+02:00" level=debug msg="      Reusing previously-fetched Certificate (kube-apiserver-lb-signer)"
time="2021-05-11T14:24:23+02:00" level=debug msg="      Fetching Certificate (kube-apiserver-localhost-signer)..."
time="2021-05-11T14:24:23+02:00" level=debug msg="      Reusing previously-fetched Certificate (kube-apiserver-localhost-signer)"
time="2021-05-11T14:24:23+02:00" level=debug msg="      Fetching Certificate (kube-apiserver-service-network-signer)..."
time="2021-05-11T14:24:23+02:00" level=debug msg="      Reusing previously-fetched Certificate (kube-apiserver-service-network-signer)"
time="2021-05-11T14:24:23+02:00" level=debug msg="    Generating Certificate (kube-control-plane-ca-bundle)..."
time="2021-05-11T14:24:23+02:00" level=debug msg="    Fetching Certificate (kube-apiserver-to-kubelet-ca-bundle)..."
time="2021-05-11T14:24:23+02:00" level=debug msg="      Fetching Certificate (kube-apiserver-to-kubelet-signer)..."
time="2021-05-11T14:24:23+02:00" level=debug msg="      Generating Certificate (kube-apiserver-to-kubelet-signer)..."
time="2021-05-11T14:24:23+02:00" level=debug msg="    Generating Certificate (kube-apiserver-to-kubelet-ca-bundle)..."
time="2021-05-11T14:24:23+02:00" level=debug msg="    Fetching Certificate (kubelet-bootstrap-kubeconfig-ca-bundle)..."
time="2021-05-11T14:24:23+02:00" level=debug msg="      Fetching Certificate (kubelet-bootstrap-kubeconfig-signer)..."
time="2021-05-11T14:24:23+02:00" level=debug msg="      Reusing previously-fetched Certificate (kubelet-bootstrap-kubeconfig-signer)"
time="2021-05-11T14:24:23+02:00" level=debug msg="    Generating Certificate (kubelet-bootstrap-kubeconfig-ca-bundle)..."
time="2021-05-11T14:24:23+02:00" level=debug msg="  Generating Certificate (kube-apiserver-complete-client-ca-bundle)..."
time="2021-05-11T14:24:23+02:00" level=debug msg="  Fetching Certificate (kube-apiserver-to-kubelet-ca-bundle)..."
time="2021-05-11T14:24:23+02:00" level=debug msg="  Reusing previously-fetched Certificate (kube-apiserver-to-kubelet-ca-bundle)"
time="2021-05-11T14:24:23+02:00" level=debug msg="  Fetching Certificate (kube-apiserver-to-kubelet-client)..."
time="2021-05-11T14:24:23+02:00" level=debug msg="    Fetching Certificate (kube-apiserver-to-kubelet-signer)..."
time="2021-05-11T14:24:23+02:00" level=debug msg="    Reusing previously-fetched Certificate (kube-apiserver-to-kubelet-signer)"
time="2021-05-11T14:24:23+02:00" level=debug msg="  Generating Certificate (kube-apiserver-to-kubelet-client)..."
time="2021-05-11T14:24:23+02:00" level=debug msg="  Fetching Certificate (kube-apiserver-to-kubelet-signer)..."
time="2021-05-11T14:24:23+02:00" level=debug msg="  Reusing previously-fetched Certificate (kube-apiserver-to-kubelet-signer)"
time="2021-05-11T14:24:23+02:00" level=debug msg="  Fetching Certificate (kube-control-plane-ca-bundle)..."
time="2021-05-11T14:24:23+02:00" level=debug msg="  Reusing previously-fetched Certificate (kube-control-plane-ca-bundle)"
time="2021-05-11T14:24:23+02:00" level=debug msg="  Fetching Certificate (kube-control-plane-kube-controller-manager-client)..."
time="2021-05-11T14:24:23+02:00" level=debug msg="    Fetching Certificate (kube-control-plane-signer)..."
time="2021-05-11T14:24:23+02:00" level=debug msg="    Reusing previously-fetched Certificate (kube-control-plane-signer)"
time="2021-05-11T14:24:23+02:00" level=debug msg="  Generating Certificate (kube-control-plane-kube-controller-manager-client)..."
time="2021-05-11T14:24:23+02:00" level=debug msg="  Fetching Certificate (kube-control-plane-kube-scheduler-client)..."
time="2021-05-11T14:24:23+02:00" level=debug msg="    Fetching Certificate (kube-control-plane-signer)..."
time="2021-05-11T14:24:23+02:00" level=debug msg="    Reusing previously-fetched Certificate (kube-control-plane-signer)"
time="2021-05-11T14:24:23+02:00" level=debug msg="  Generating Certificate (kube-control-plane-kube-scheduler-client)..."
time="2021-05-11T14:24:24+02:00" level=debug msg="  Fetching Certificate (kube-control-plane-signer)..."
time="2021-05-11T14:24:24+02:00" level=debug msg="  Reusing previously-fetched Certificate (kube-control-plane-signer)"
time="2021-05-11T14:24:24+02:00" level=debug msg="  Fetching Certificate (kubelet-bootstrap-kubeconfig-ca-bundle)..."
time="2021-05-11T14:24:24+02:00" level=debug msg="  Reusing previously-fetched Certificate (kubelet-bootstrap-kubeconfig-ca-bundle)"
time="2021-05-11T14:24:24+02:00" level=debug msg="  Fetching Certificate (kubelet-client-ca-bundle)..."
time="2021-05-11T14:24:24+02:00" level=debug msg="  Reusing previously-fetched Certificate (kubelet-client-ca-bundle)"
time="2021-05-11T14:24:24+02:00" level=debug msg="  Fetching Certificate (kubelet-client)..."
time="2021-05-11T14:24:24+02:00" level=debug msg="  Reusing previously-fetched Certificate (kubelet-client)"
time="2021-05-11T14:24:24+02:00" level=debug msg="  Fetching Certificate (kubelet-signer)..."
time="2021-05-11T14:24:24+02:00" level=debug msg="  Reusing previously-fetched Certificate (kubelet-signer)"
time="2021-05-11T14:24:24+02:00" level=debug msg="  Fetching Certificate (kubelet-serving-ca-bundle)..."
time="2021-05-11T14:24:24+02:00" level=debug msg="    Fetching Certificate (kubelet-signer)..."
time="2021-05-11T14:24:24+02:00" level=debug msg="    Reusing previously-fetched Certificate (kubelet-signer)"
time="2021-05-11T14:24:24+02:00" level=debug msg="  Generating Certificate (kubelet-serving-ca-bundle)..."
time="2021-05-11T14:24:24+02:00" level=debug msg="  Fetching Certificate (mcs)..."
time="2021-05-11T14:24:24+02:00" level=debug msg="  Reusing previously-fetched Certificate (mcs)"
time="2021-05-11T14:24:24+02:00" level=debug msg="  Fetching Root CA..."
time="2021-05-11T14:24:24+02:00" level=debug msg="  Reusing previously-fetched Root CA"
time="2021-05-11T14:24:24+02:00" level=debug msg="  Fetching Key Pair (service-account.pub)..."
time="2021-05-11T14:24:24+02:00" level=debug msg="  Generating Key Pair (service-account.pub)..."
time="2021-05-11T14:24:24+02:00" level=debug msg="  Fetching Release Image Pull Spec..."
time="2021-05-11T14:24:24+02:00" level=debug msg="  Generating Release Image Pull Spec..."
time="2021-05-11T14:24:24+02:00" level=debug msg="Using internal constant for release image quay.io/openshift-release-dev/ocp-release@sha256:c4b9eb565c64df97afe7841bbcc0469daec7973e46ae588739cc30ea9062172b"
time="2021-05-11T14:24:24+02:00" level=debug msg="  Fetching Image..."
time="2021-05-11T14:24:24+02:00" level=debug msg="  Reusing previously-fetched Image"
time="2021-05-11T14:24:24+02:00" level=debug msg="Generating Bootstrap Ignition Config..."
time="2021-05-11T14:24:24+02:00" level=debug msg="Fetching Metadata..."
time="2021-05-11T14:24:24+02:00" level=debug msg="Loading Metadata..."
time="2021-05-11T14:24:24+02:00" level=debug msg="  Loading Cluster ID..."
time="2021-05-11T14:24:24+02:00" level=debug msg="  Loading Install Config..."
time="2021-05-11T14:24:24+02:00" level=debug msg="  Fetching Cluster ID..."
time="2021-05-11T14:24:24+02:00" level=debug msg="  Reusing previously-fetched Cluster ID"
time="2021-05-11T14:24:24+02:00" level=debug msg="  Fetching Install Config..."
time="2021-05-11T14:24:24+02:00" level=debug msg="  Reusing previously-fetched Install Config"
time="2021-05-11T14:24:24+02:00" level=debug msg="Generating Metadata..."
time="2021-05-11T14:24:31+02:00" level=debug msg="OpenShift Installer 4.5.39"
time="2021-05-11T14:24:31+02:00" level=debug msg="Built from commit e30ca92797532d9f0e0c56aac20aad27e594ab43"
time="2021-05-11T14:24:31+02:00" level=info msg="Waiting up to 20m0s for the Kubernetes API at https://api.sydney.digitaldovey.com:6443..."
time="2021-05-11T14:24:31+02:00" level=debug msg="Still waiting for the Kubernetes API: Get https://api.sydney.digitaldovey.com:6443/version?timeout=32s: EOF"
time="2021-05-11T14:25:01+02:00" level=debug msg="Still waiting for the Kubernetes API: Get https://api.sydney.digitaldovey.com:6443/version?timeout=32s: EOF"
time="2021-05-11T14:25:31+02:00" level=debug msg="Still waiting for the Kubernetes API: Get https://api.sydney.digitaldovey.com:6443/version?timeout=32s: EOF"
time="2021-05-11T14:26:01+02:00" level=debug msg="Still waiting for the Kubernetes API: Get https://api.sydney.digitaldovey.com:6443/version?timeout=32s: EOF"
time="2021-05-11T14:26:31+02:00" level=debug msg="Still waiting for the Kubernetes API: Get https://api.sydney.digitaldovey.com:6443/version?timeout=32s: EOF"
time="2021-05-11T14:27:01+02:00" level=debug msg="Still waiting for the Kubernetes API: Get https://api.sydney.digitaldovey.com:6443/version?timeout=32s: EOF"
time="2021-05-11T14:27:19+02:00" level=info msg="API v1.18.3+64fc02b up"
time="2021-05-11T14:27:19+02:00" level=info msg="Waiting up to 40m0s for bootstrapping to complete..."
time="2021-05-11T14:33:26+02:00" level=debug msg="Bootstrap status: complete"
time="2021-05-11T14:33:26+02:00" level=info msg="It is now safe to remove the bootstrap resources"
time="2021-05-11T14:33:26+02:00" level=debug msg="Time elapsed per stage:"
time="2021-05-11T14:33:26+02:00" level=debug msg="Bootstrap Complete: 8m55s"
time="2021-05-11T14:33:26+02:00" level=debug msg="               API: 2m48s"
time="2021-05-11T14:33:26+02:00" level=info msg="Time elapsed: 8m55s"
time="2021-05-11T14:35:25+02:00" level=debug msg="OpenShift Installer 4.5.39"
time="2021-05-11T14:35:25+02:00" level=debug msg="Built from commit e30ca92797532d9f0e0c56aac20aad27e594ab43"
time="2021-05-11T14:35:25+02:00" level=debug msg="Fetching Install Config..."
time="2021-05-11T14:35:25+02:00" level=debug msg="Loading Install Config..."
time="2021-05-11T14:35:25+02:00" level=debug msg="  Loading SSH Key..."
time="2021-05-11T14:35:25+02:00" level=debug msg="  Loading Base Domain..."
time="2021-05-11T14:35:25+02:00" level=debug msg="    Loading Platform..."
time="2021-05-11T14:35:25+02:00" level=debug msg="  Loading Cluster Name..."
time="2021-05-11T14:35:25+02:00" level=debug msg="    Loading Base Domain..."
time="2021-05-11T14:35:25+02:00" level=debug msg="    Loading Platform..."
time="2021-05-11T14:35:25+02:00" level=debug msg="  Loading Pull Secret..."
time="2021-05-11T14:35:25+02:00" level=debug msg="  Loading Platform..."
time="2021-05-11T14:35:25+02:00" level=debug msg="Using Install Config loaded from state file"
time="2021-05-11T14:35:25+02:00" level=debug msg="Reusing previously-fetched Install Config"
time="2021-05-11T14:35:25+02:00" level=info msg="Waiting up to 30m0s for the cluster at https://api.sydney.digitaldovey.com:6443 to initialize..."
time="2021-05-11T14:35:25+02:00" level=debug msg="Still waiting for the cluster to initialize: Working towards 4.5.39: 68% complete"
time="2021-05-11T14:36:26+02:00" level=debug msg="Still waiting for the cluster to initialize: Working towards 4.5.39: 68% complete"
time="2021-05-11T14:37:08+02:00" level=debug msg="Still waiting for the cluster to initialize: Working towards 4.5.39"
time="2021-05-11T14:37:08+02:00" level=debug msg="Still waiting for the cluster to initialize: Working towards 4.5.39: downloading update"
time="2021-05-11T14:37:08+02:00" level=debug msg="Still waiting for the cluster to initialize: Working towards 4.5.39"
time="2021-05-11T14:37:23+02:00" level=debug msg="Still waiting for the cluster to initialize: Working towards 4.5.39: 81% complete"
time="2021-05-11T14:37:38+02:00" level=debug msg="Still waiting for the cluster to initialize: Working towards 4.5.39: 84% complete"
time="2021-05-11T14:42:21+02:00" level=debug msg="Still waiting for the cluster to initialize: Working towards 4.5.39"
time="2021-05-11T14:42:21+02:00" level=debug msg="Still waiting for the cluster to initialize: Working towards 4.5.39: downloading update"
time="2021-05-11T14:42:21+02:00" level=debug msg="Still waiting for the cluster to initialize: Working towards 4.5.39"
time="2021-05-11T14:42:21+02:00" level=debug msg="Still waiting for the cluster to initialize: Working towards 4.5.39: 7% complete"
time="2021-05-11T14:42:36+02:00" level=debug msg="Still waiting for the cluster to initialize: Working towards 4.5.39: 85% complete"
time="2021-05-11T14:42:37+02:00" level=debug msg="Still waiting for the cluster to initialize: Working towards 4.5.39: 86% complete"
time="2021-05-11T14:43:21+02:00" level=debug msg="Still waiting for the cluster to initialize: Working towards 4.5.39: 87% complete"
time="2021-05-11T14:45:21+02:00" level=debug msg="Still waiting for the cluster to initialize: Working towards 4.5.39: 87% complete, waiting on operator-lifecycle-manager-packageserver"
time="2021-05-11T14:46:22+02:00" level=debug msg="Still waiting for the cluster to initialize: Working towards 4.5.39: 87% complete, waiting on operator-lifecycle-manager-packageserver"
time="2021-05-11T14:48:23+02:00" level=debug msg="Still waiting for the cluster to initialize: Working towards 4.5.39: 87% complete, waiting on operator-lifecycle-manager-packageserver"
time="2021-05-11T14:48:36+02:00" level=debug msg="Still waiting for the cluster to initialize: Cluster operator operator-lifecycle-manager-packageserver is still updating"
time="2021-05-11T14:49:51+02:00" level=debug msg="Cluster is initialized"
time="2021-05-11T14:49:51+02:00" level=info msg="Waiting up to 10m0s for the openshift-console route to be created..."
time="2021-05-11T14:49:51+02:00" level=debug msg="Route found in openshift-console namespace: console"
time="2021-05-11T14:49:51+02:00" level=debug msg="Route found in openshift-console namespace: downloads"
time="2021-05-11T14:49:51+02:00" level=debug msg="OpenShift console route is created"
time="2021-05-11T14:49:51+02:00" level=info msg="Install complete!"
time="2021-05-11T14:49:51+02:00" level=info msg="To access the cluster as the system:admin user when using 'oc', run 'export KUBECONFIG=/root/hetzner-ocp4/sydney/auth/kubeconfig'"
time="2021-05-11T14:49:51+02:00" level=info msg="Access the OpenShift web-console here: https://console-openshift-console.apps.sydney.digitaldovey.com"
time="2021-05-11T14:49:51+02:00" level=info msg="Login to the console with user: \"kubeadmin\", and password: \"jdcu7-prWcP-kv7jk-JKNSf\""
time="2021-05-11T14:49:51+02:00" level=debug msg="Time elapsed per stage:"
time="2021-05-11T14:49:51+02:00" level=debug msg="Cluster Operators: 14m26s"
time="2021-05-11T14:49:51+02:00" level=info msg="Time elapsed: 14m26s"
